 83.9383
 79.0651
 78.4353
 78.1866
 75.4683
 72.8991
 72.4184
 69.5342
 68.5065
 65.5395
 68.3076
 66.1031
 64.4787
 64.7273
 62.0753
 61.4785
 61.8432
 61.0973
 61.6111
 59.0419
 58.4784
 58.6939
 58.0474
 56.7048
 58.7933
 56.3899
 56.2075
 55.4285
 55.2959
 54.4339
 54.2350
 53.6383
 53.7046
 54.0030
 53.4228
 51.2017
 51.5830
 51.5498
 51.0857
 50.3232
 49.3453
 49.8260
 48.6988
 47.7374
 49.2127
 48.0192
 46.5274
 46.5109
 46.1296
 45.3174
 44.5384
 44.7539
 45.4832
 43.1129
 45.4998
 42.9471
 43.3781
 42.7151
 42.2510
 41.7537
 40.5934
 40.2453
 41.4719
 41.3393
 40.4442
 40.2785
 39.3834
 39.1182
 38.9359
 38.1237
 38.7038
 37.7590
 37.8419
 36.8805
 37.0628
 36.7313
 35.2229
 35.0738
 35.0738
 34.0461
 34.9743
 35.2892
 35.0240
 32.4548
 32.9687
 31.6426
 32.3388
 32.0239
 31.4769
 30.9630
 30.4160
 31.3774
 30.3000
 31.2780
 29.3884
 29.4878
 28.7419
 28.4767
 28.7916
 27.5816
 27.1838
 27.1341
 26.7363
 25.4765
 26.1064
 25.6423
 24.8467
 25.1616
 24.2168
 23.4543
 23.7693
 22.2940
 23.3880
 35.3058
 25.1948
 23.3052
 22.5095
 22.1946
 22.5427
 21.2166
 21.0177
 20.5868
 21.1503
 20.8686
 21.0012
 19.6420
 21.0177
 20.0232
 18.0839
 19.0950
 17.8684
 17.0065
 20.6862
 18.9789
 17.4374
 16.6252
 16.9733
 17.5700
 16.9402
 16.6418
 16.1280
 16.3103
 15.8793
 15.6638
 15.8793
 14.8848
 14.6527
 15.8628
 15.2163
 14.5699
 13.8074
 14.7190
 16.3103
 13.9897
 14.5533
 13.7908
 14.0229
 14.0229
 13.6914
 14.5699
 13.8903
 13.2936
 12.4648
 13.0946
 13.3267
 13.3930
 13.4759
 12.6637
 13.2604
 12.4814
 12.8957
 12.5145
 12.5642
 11.7520
 12.3487
 11.8846
 12.2990
 11.7852
 11.9344
 11.8018
 10.7907
 11.3376
 12.1167
 12.0504
 11.5531
 11.4371
 11.8183
 11.1056
 10.9896
 12.4482
 11.2382
 10.9896
 10.7907
 11.3211
 10.6580
 10.7575
 10.3928
 10.4757
 10.2602
 10.2768
