 88.5075
 84.1791
 80.0000
 79.1045
 75.3731
 74.3284
 77.3134
 69.2537
 71.1940
 65.9701
 62.0896
 63.2836
 66.5672
 69.8507
 62.2388
 58.3582
 61.4925
 58.0597
 61.7910
 60.1493
 58.9552
 60.2985
 58.2090
 60.8955
 61.4925
 56.1194
 59.4030
 59.8507
 57.0149
 61.4925
 55.0746
 55.9701
 62.6866
 58.3582
 56.1194
 59.5522
 54.3284
 57.0149
 58.9552
 54.4776
 54.4776
 59.5522
 57.9104
 53.1343
 56.8657
 53.2836
 50.8955
 50.7463
 55.3731
 50.1493
 51.4925
 56.7164
 53.5821
 51.9403
 55.6716
 53.2836
 47.3134
 55.6716
 52.8358
 51.1940
 53.5821
 51.6418
 48.9552
 51.0448
 51.3433
 54.0299
 51.4925
 47.9104
 47.0149
 50.7463
 50.5970
 48.3582
 52.9851
 51.6418
 50.4478
 49.7015
 50.0000
 51.0448
 50.4478
 44.1791
 51.9403
 50.1493
 46.1194
 48.5075
 48.2090
 53.4328
 51.9403
 48.5075
 50.1493
 48.0597
 52.8358
 46.1194
 47.4627
 49.5522
 44.6269
 46.7164
 45.5224
 46.8657
 47.1642
 42.6866
 47.3134
 52.9851
 45.2239
 48.0597
 49.7015
 43.5821
 49.1045
 40.5970
 41.4925
 48.9552
 44.1791
 44.4776
 43.4328
 49.5522
 44.1791
 46.7164
 44.9254
 45.5224
 40.4478
 44.6269
 46.8657
 39.5522
 47.3134
 42.0896
 39.7015
 42.6866
 41.6418
 44.4776
 46.5672
 38.2090
 45.0746
 41.1940
 41.0448
 47.1642
 42.2388
 48.5075
 42.6866
 49.1045
 40.1493
 40.7463
 40.5970
 43.7313
 40.4478
 40.0000
 39.5522
 43.1343
 41.1940
 37.3134
 42.0896
 41.4925
 40.2985
 43.1343
 44.3284
 41.7910
 44.1791
 46.7164
 37.0149
 35.9701
 38.8060
 41.7910
 43.5821
 38.5075
 41.3433
 40.8955
 41.6418
 39.2537
 39.8507
 38.0597
 38.2090
 40.2985
 42.6866
 39.5522
 40.2985
 44.0299
 43.5821
 41.0448
 38.9552
 42.3881
 38.3582
 39.4030
 40.0000
 39.2537
 41.1940
 37.3134
 37.7612
 36.7164
 39.4030
 38.8060
 37.4627
 39.8507
 36.8657
 36.5672
 43.1343
 44.0299
 40.0000
 43.1343
 37.6119
 38.5075
 37.3134
 40.7463
